<?xml version="1.0" encoding="utf-8"?>
<coverage branch-rate="0" line-rate="0.95" version="" timestamp="1747282500">
  <sources>
    <source>c:\\Users\\Артём\\Desktop\\12Lab</source>
  </sources>
  <packages>
    <package name="app" line-rate="0.95" branch-rate="0" complexity="0">
      <classes>
        <class name="main" filename="app/main.py" line-rate="1.0" branch-rate="0">
          <methods/>
          <lines>
            <line number="1" hits="1"/>
            <line number="2" hits="1"/>
            <line number="3" hits="1"/>
            <line number="4" hits="1"/>
            <line number="5" hits="1"/>
            <line number="6" hits="1"/>
            <line number="7" hits="1"/>
            <line number="8" hits="1"/>
            <line number="9" hits="1"/>
            <line number="10" hits="1"/>
          </lines>
        </class>
      </classes>
    </package>
  </packages>
</coverage>